<?xml version="1.0" encoding="UTF-8"?>
<testng-results skipped="0" failed="0" total="1" passed="1">
  <reporter-output>
  </reporter-output>
  <suite name="Surefire suite" duration-ms="56002" started-at="2018-12-13T12:21:38Z" finished-at="2018-12-13T12:22:34Z">
    <groups>
    </groups>
    <test name="Surefire test" duration-ms="56002" started-at="2018-12-13T12:21:38Z" finished-at="2018-12-13T12:22:34Z">
      <class name="tables.TableTest">
        <test-method status="PASS" signature="WebTable1()[pri:0, instance:tables.TableTest@18c7aca]" name="WebTable1" duration-ms="56002" started-at="2018-12-13T17:51:38Z" finished-at="2018-12-13T17:52:34Z">
          <reporter-output>
          </reporter-output>
        </test-method> <!-- WebTable1 -->
      </class> <!-- tables.TableTest -->
    </test> <!-- Surefire test -->
  </suite> <!-- Surefire suite -->
</testng-results>
