<?xml version="1.0" encoding="UTF-8"?>
<testng-results skipped="0" failed="0" total="1" passed="1">
  <reporter-output>
  </reporter-output>
  <suite name="Default suite" duration-ms="51463" started-at="2018-12-13T08:06:42Z" finished-at="2018-12-13T08:07:33Z">
    <groups>
    </groups>
    <test name="Default test" duration-ms="51463" started-at="2018-12-13T08:06:42Z" finished-at="2018-12-13T08:07:33Z">
      <class name="tables.Table">
        <test-method status="PASS" signature="WebTable1()[pri:0, instance:tables.Table@e9a829]" name="WebTable1" duration-ms="51447" started-at="2018-12-13T13:36:42Z" finished-at="2018-12-13T13:37:33Z">
          <reporter-output>
          </reporter-output>
        </test-method> <!-- WebTable1 -->
      </class> <!-- tables.Table -->
    </test> <!-- Default test -->
  </suite> <!-- Default suite -->
</testng-results>
